------------------------------------------------------------------------------------------------------------------------
Exception message  : qUserMaxOutputRecords: Type mismatch for field 'MAXALLOWED', expecting: Float actual: FMTBcd
Depending on the error condition, it might be possible to restart the application.
Exception class    : EOleException
Exception address  : 0110A6FA
Exception Time     : 2025-03-22 20:34:35.024
------------------------------------------------------------------------------------------------------------------------
Application Name   : DVIW.exe
Application Version: 1.0.0.0
Started at         : 2025-03-22 20:34:01.482
Running for        :  33 seconds
Computer Name      : EGLINGTON2
Compiler Version   : 360
------------------------------------------------------------------------------------------------------------------------
IntraWeb Version   : 15.6.1
Multi-session      : False
Content Path       : C:\DevD12\DateViewIW2\wwwroot\
Session count      : 1
Current Thread ID  : 3676
Application Path   : C:\DevD12\DateViewIW2\Win32\Release\
Active Form        : [unassigned]
Active Form list   :
Form list          : [1] dmUser (TdmUser)
                     [2] dmOpt (TdmOpt)
                     [3] dmDV (TdmDV)
                     [4] dmStrat (TdmStrat)
                     [5] dmgDV (TdmgDV)
                     [6] dmdDV (TdmdDV)
Browser Name       : Firefox
Browser UserAgent  : Mozilla/5.0 (Windows NT 10.0; Win64; x64; rv:135.0) Gecko/20100101 Firefox/135.0
Session ID         : PzcICNpAMmULFcXeTcmV5juHVk0
Last Access        : 2025-03-22 20:34:34.758
Callback           : False
Runtime parameters : 
------------------------------------------------------------------------------------------------------------------------
Client IP address  : 127.0.0.1
Request PathInfo   : /
Request Method     : POST
Request User Agent : Mozilla/5.0 (Windows NT 10.0; Win64; x64; rv:135.0) Gecko/20100101 Firefox/135.0
Cookies Count      : 2
------------------------------------------------------------------------------------------------------------------------
[Stack trace is empty]
------------------------------------------------------------------------------------------------------------------------
