------------------------------------------------------------------------------------------------------------------------
Exception message  : can't format message 13:98 -- message file C:\WINDOWS\SYSTEM32\firebird.msg not found.Your user name and password are not defined. Ask your database administrator to set up a Firebird login
Depending on the error condition, it might be possible to restart the application.
Exception class    : EOleException
Exception address  : 009BA63A
Exception Time     : 2024-07-31 21:24:34.226
------------------------------------------------------------------------------------------------------------------------
Application Name   : DVIW.exe
Application Version: 1.0.0.0
Started at         : 2024-07-31 21:24:23.653
Running for        :  10 seconds
Computer Name      : EGLINGTON2
Compiler Version   : 360
------------------------------------------------------------------------------------------------------------------------
IntraWeb Version   : 15.6.1
Multi-session      : False
Content Path       : C:\DevD12\DateViewIW2\wwwroot\
Session count      : 1
Current Thread ID  : 10920
Application Path   : C:\DevD12\DateViewIW2\Win32\Release\
Active Form        : ISFLogin (TISFLogin)
Active Form list   : [1] ISFLogin (TISFLogin)
Form list          : [1] dmUser (TdmUser)
                     [2] dmOpt (TdmOpt)
                     [3] dmDV (TdmDV)
                     [4] dmStrat (TdmStrat)
                     [5] dmgDV (TdmgDV)
                     [6] dmdDV (TdmdDV)
                     [7] ISFLogin (TISFLogin)
Browser Name       : Firefox
Browser UserAgent  : Mozilla/5.0 (Windows NT 10.0; Win64; x64; rv:128.0) Gecko/20100101 Firefox/128.0
Session ID         : oFdmpEebqUec3pniLcOx9OHwByy
Last Access        : 2024-07-31 21:24:32.911
Callback           : False
Runtime parameters : 
------------------------------------------------------------------------------------------------------------------------
Client IP address  : 127.0.0.1
Request PathInfo   : /
Request Method     : POST
Request User Agent : Mozilla/5.0 (Windows NT 10.0; Win64; x64; rv:128.0) Gecko/20100101 Firefox/128.0
Cookies Count      : 2
------------------------------------------------------------------------------------------------------------------------
[Stack trace is empty]
------------------------------------------------------------------------------------------------------------------------
