------------------------------------------------------------------------------------------------------------------------
Exception message  : Catastrophic failure
Depending on the error condition, it might be possible to restart the application.
Exception class    : EOleException
Exception address  : 011DA6FA
Exception Time     : 2025-03-23 14:39:45.243
------------------------------------------------------------------------------------------------------------------------
Application Name   : DVIW.exe
Application Version: 1.0.0.0
Started at         : 2025-03-23 14:38:24.631
Running for        :  1 minute 20 seconds
Computer Name      : EGLINGTON2
Compiler Version   : 360
------------------------------------------------------------------------------------------------------------------------
IntraWeb Version   : 15.6.1
Multi-session      : False
Content Path       : C:\DevD12\DateViewIW2\wwwroot\
Session count      : 1
Current Thread ID  : 5152
Application Path   : C:\DevD12\DateViewIW2\Win32\Release\
Active Form        : ISFMain (TISFMain)
Active Form list   : [1] ISFMain (TISFMain)
Form list          : [1] dmUser (TdmUser)
                     [2] dmOpt (TdmOpt)
                     [3] dmDV (TdmDV)
                     [4] dmStrat (TdmStrat)
                     [5] dmgDV (TdmgDV)
                     [6] dmdDV (TdmdDV)
                     [7] ISFProvinces (TISFProvinces)
                     [8] ISFMain (TISFMain)
Browser Name       : Firefox
Browser UserAgent  : Mozilla/5.0 (Windows NT 10.0; Win64; x64; rv:135.0) Gecko/20100101 Firefox/135.0
Session ID         : 0RcPp7TOV16sgjrfS1fKqV-6lMe
Last Access        : 2025-03-23 14:39:44.624
Callback           : False
Runtime parameters : 
------------------------------------------------------------------------------------------------------------------------
Client IP address  : 127.0.0.1
Request PathInfo   : /
Request Method     : POST
Request User Agent : Mozilla/5.0 (Windows NT 10.0; Win64; x64; rv:135.0) Gecko/20100101 Firefox/135.0
Cookies Count      : 2
------------------------------------------------------------------------------------------------------------------------
[Stack trace is empty]
------------------------------------------------------------------------------------------------------------------------
