------------------------------------------------------------------------------------------------------------------------
Exception message  : Cannot open file "C:\DevD12\DateViewIW2\Win64\Release\wwwroot\Files\Flexcell\FlxApproach.xlsx". The system cannot find the path specified
Depending on the error condition, it might be possible to restart the application.
Exception class    : EFOpenError
Exception address  : 00000000009E9849
Exception Time     : 2024-07-29 22:47:29.873
------------------------------------------------------------------------------------------------------------------------
Application Name   : DVIW.exe
Application Version: 
Started at         : 2024-07-29 22:46:48.732
Running for        :  41 seconds
Computer Name      : EGLINGTON2
Compiler Version   : 360
------------------------------------------------------------------------------------------------------------------------
IntraWeb Version   : 15.6.1
Multi-session      : False
Content Path       : C:\DevD12\DateViewIW2\wwwroot\
Session count      : 1
Current Thread ID  : 12204
Application Path   : C:\DevD12\DateViewIW2\Win64\Release\
Active Form        : ISFApproaches (TISFApproaches)
Active Form list   : [1] ISFApproaches (TISFApproaches)
Form list          : [1] dmUser (TdmUser)
                     [2] dmOpt (TdmOpt)
                     [3] dmDV (TdmDV)
                     [4] dmStrat (TdmStrat)
                     [5] dmgDV (TdmgDV)
                     [6] dmdDV (TdmdDV)
                     [7] ISFApproaches (TISFApproaches)
Browser Name       : Firefox
Browser UserAgent  : Mozilla/5.0 (Windows NT 10.0; Win64; x64; rv:128.0) Gecko/20100101 Firefox/128.0
Session ID         : a~7UbPDzCKFK-25dV~mmtyovGye
Last Access        : 2024-07-29 22:47:29.160
Callback           : False
Runtime parameters : 
------------------------------------------------------------------------------------------------------------------------
Client IP address  : 127.0.0.1
Request PathInfo   : /
Request Method     : POST
Request User Agent : Mozilla/5.0 (Windows NT 10.0; Win64; x64; rv:128.0) Gecko/20100101 Firefox/128.0
Cookies Count      : 2
------------------------------------------------------------------------------------------------------------------------
[Stack trace is empty]
------------------------------------------------------------------------------------------------------------------------
